0 info it worked if it ends with ok
1 verbose cli [ 'node', '/usr/local/bin/npm', 'install', 'gemrat' ]
2 info using npm@1.3.15
3 info using node@v0.10.22
4 verbose node symlink /usr/local/bin/node
5 verbose cache add [ 'gemrat', null ]
6 verbose cache add name=undefined spec="gemrat" args=["gemrat",null]
7 verbose parsed url { protocol: null,
7 verbose parsed url   slashes: null,
7 verbose parsed url   auth: null,
7 verbose parsed url   host: null,
7 verbose parsed url   port: null,
7 verbose parsed url   hostname: null,
7 verbose parsed url   hash: null,
7 verbose parsed url   search: null,
7 verbose parsed url   query: null,
7 verbose parsed url   pathname: 'gemrat',
7 verbose parsed url   path: 'gemrat',
7 verbose parsed url   href: 'gemrat' }
8 silly lockFile 766af893-gemrat gemrat
9 verbose lock gemrat /Users/Mongoose/.npm/766af893-gemrat.lock
10 silly lockFile 766af893-gemrat gemrat
11 silly lockFile 766af893-gemrat gemrat
12 verbose addNamed [ 'gemrat', '' ]
13 verbose addNamed [ null, '*' ]
14 silly lockFile 21033cc4-gemrat gemrat@
15 verbose lock gemrat@ /Users/Mongoose/.npm/21033cc4-gemrat.lock
16 silly addNameRange { name: 'gemrat', range: '*', hasData: false }
17 verbose url raw gemrat
18 verbose url resolving [ 'https://registry.npmjs.org/', './gemrat' ]
19 verbose url resolved https://registry.npmjs.org/gemrat
20 info trying registry request attempt 1 at 19:16:26
21 http GET https://registry.npmjs.org/gemrat
22 http 404 https://registry.npmjs.org/gemrat
23 silly registry.get cb [ 404,
23 silly registry.get   { date: 'Sun, 04 May 2014 18:16:27 GMT',
23 silly registry.get     server: 'CouchDB/1.5.0 (Erlang OTP/R14B04)',
23 silly registry.get     'content-type': 'application/json',
23 silly registry.get     via: '1.1 varnish',
23 silly registry.get     'cache-control': 'max-age=0',
23 silly registry.get     'content-length': '52',
23 silly registry.get     'accept-ranges': 'bytes',
23 silly registry.get     age: '0',
23 silly registry.get     'x-served-by': 'cache-v37-ASH, cache-lcy1125-LCY',
23 silly registry.get     'x-cache': 'MISS, MISS',
23 silly registry.get     'x-cache-hits': '0, 0',
23 silly registry.get     'x-timer': 'S1399227387.399904013,VS0,VS42,VE128,VE166',
23 silly registry.get     'keep-alive': 'timeout=10, max=50',
23 silly registry.get     connection: 'Keep-Alive' } ]
24 silly lockFile 21033cc4-gemrat gemrat@
25 silly lockFile 21033cc4-gemrat gemrat@
26 error 404 'gemrat' is not in the npm registry.
26 error 404 You should bug the author to publish it
26 error 404
26 error 404 Note that you can also install from a
26 error 404 tarball, folder, or http url, or git url.
27 error System Darwin 13.1.0
28 error command "node" "/usr/local/bin/npm" "install" "gemrat"
29 error cwd /Users/Mongoose/development/rails/pocket-social
30 error node -v v0.10.22
31 error npm -v 1.3.15
32 error code E404
33 verbose exit [ 1, true ]
